# JRE version: OpenJDK Runtime Environment (21.0.6) (build 21.0.6+-13391695-b895.109)
# Java VM: OpenJDK 64-Bit Server VM (21.0.6+-13391695-b895.109, mixed mode, tiered, compressed oops, compressed class ptrs, g1 gc, windows-amd64)
GC Precious Log:
 CardTable entry size: 512
 Card Set container configuration: InlinePtr #cards 5 size 8 Array Of Cards #cards 12 size 40 Howl #buckets 4 coarsen threshold 1843 Howl Bitmap #cards 512 size 80 coarsen threshold 460 Card regions per heap region 1 cards per card region 2048
 CPUs: 8 total, 8 available
 Memory: 7930M
 Large Page Support: Disabled
 NUMA Support: Disabled
 Compressed Oops: Enabled (32-bit)
 Heap Region Size: 1M
 Heap Min Capacity: 8M
 Heap Initial Capacity: 124M
 Heap Max Capacity: 2G
 Pre-touch: Disabled
 Parallel Workers: 8
 Concurrent Workers: 2
 Concurrent Refinement Workers: 8
 Periodic GC: Disabled
Heap:
 garbage-first heap   total 178176K, used 142097K [0x0000000080000000, 0x0000000100000000)
  region size 1024K, 40 young (40960K), 3 survivors (3072K)
 Metaspace       used 98748K, committed 101056K, reserved 557056K
  class space    used 13505K, committed 14656K, reserved 425984K
GC Heap History (20 events):
Event: 96.961 GC heap before
{Heap before GC invocations=30 (full 0):
 garbage-first heap   total 104448K, used 91919K [0x0000000080000000, 0x0000000100000000)
  region size 1024K, 32 young (32768K), 4 survivors (4096K)
 Metaspace       used 83179K, committed 85248K, reserved 557056K
  class space    used 11379K, committed 12416K, reserved 425984K
}
Event: 96.968 GC heap after
{Heap after GC invocations=31 (full 0):
 garbage-first heap   total 104448K, used 66568K [0x0000000080000000, 0x0000000100000000)
  region size 1024K, 4 young (4096K), 4 survivors (4096K)
 Metaspace       used 83179K, committed 85248K, reserved 557056K
  class space    used 11379K, committed 12416K, reserved 425984K
}
Event: 98.234 GC heap before
{Heap before GC invocations=32 (full 0):
 garbage-first heap   total 112640K, used 92168K [0x0000000080000000, 0x0000000100000000)
  region size 1024K, 30 young (30720K), 4 survivors (4096K)
 Metaspace       used 83437K, committed 85504K, reserved 557056K
  class space    used 11387K, committed 12416K, reserved 425984K
}
Event: 98.244 GC heap after
{Heap after GC invocations=33 (full 0):
 garbage-first heap   total 112640K, used 70558K [0x0000000080000000, 0x0000000100000000)
  region size 1024K, 4 young (4096K), 4 survivors (4096K)
 Metaspace       used 83437K, committed 85504K, reserved 557056K
  class space    used 11387K, committed 12416K, reserved 425984K
}
Event: 99.379 GC heap before
{Heap before GC invocations=33 (full 0):
 garbage-first heap   total 112640K, used 111518K [0x0000000080000000, 0x0000000100000000)
  region size 1024K, 33 young (33792K), 4 survivors (4096K)
 Metaspace       used 85291K, committed 87424K, reserved 557056K
  class space    used 11649K, committed 12736K, reserved 425984K
}
Event: 99.389 GC heap after
{Heap after GC invocations=34 (full 0):
 garbage-first heap   total 119808K, used 83477K [0x0000000080000000, 0x0000000100000000)
  region size 1024K, 4 young (4096K), 4 survivors (4096K)
 Metaspace       used 85291K, committed 87424K, reserved 557056K
  class space    used 11649K, committed 12736K, reserved 425984K
}
Event: 99.954 GC heap before
{Heap before GC invocations=34 (full 0):
 garbage-first heap   total 119808K, used 108053K [0x0000000080000000, 0x0000000100000000)
  region size 1024K, 28 young (28672K), 4 survivors (4096K)
 Metaspace       used 87384K, committed 89472K, reserved 557056K
  class space    used 11922K, committed 12992K, reserved 425984K
}
Event: 99.960 GC heap after
{Heap after GC invocations=35 (full 0):
 garbage-first heap   total 119808K, used 84719K [0x0000000080000000, 0x0000000100000000)
  region size 1024K, 2 young (2048K), 2 survivors (2048K)
 Metaspace       used 87384K, committed 89472K, reserved 557056K
  class space    used 11922K, committed 12992K, reserved 425984K
}
Event: 103.230 GC heap before
{Heap before GC invocations=36 (full 0):
 garbage-first heap   total 143360K, used 109295K [0x0000000080000000, 0x0000000100000000)
  region size 1024K, 26 young (26624K), 2 survivors (2048K)
 Metaspace       used 88435K, committed 90560K, reserved 557056K
  class space    used 12062K, committed 13120K, reserved 425984K
}
Event: 103.238 GC heap after
{Heap after GC invocations=37 (full 0):
 garbage-first heap   total 143360K, used 88252K [0x0000000080000000, 0x0000000100000000)
  region size 1024K, 4 young (4096K), 4 survivors (4096K)
 Metaspace       used 88435K, committed 90560K, reserved 557056K
  class space    used 12062K, committed 13120K, reserved 425984K
}
Event: 105.283 GC heap before
{Heap before GC invocations=37 (full 0):
 garbage-first heap   total 143360K, used 128188K [0x0000000080000000, 0x0000000100000000)
  region size 1024K, 44 young (45056K), 4 survivors (4096K)
 Metaspace       used 90108K, committed 92288K, reserved 557056K
  class space    used 12287K, committed 13376K, reserved 425984K
}
Event: 105.293 GC heap after
{Heap after GC invocations=38 (full 0):
 garbage-first heap   total 143360K, used 91108K [0x0000000080000000, 0x0000000100000000)
  region size 1024K, 6 young (6144K), 6 survivors (6144K)
 Metaspace       used 90108K, committed 92288K, reserved 557056K
  class space    used 12287K, committed 13376K, reserved 425984K
}
Event: 108.838 GC heap before
{Heap before GC invocations=38 (full 0):
 garbage-first heap   total 143360K, used 130020K [0x0000000080000000, 0x0000000100000000)
  region size 1024K, 44 young (45056K), 6 survivors (6144K)
 Metaspace       used 93279K, committed 95488K, reserved 557056K
  class space    used 12727K, committed 13824K, reserved 425984K
}
Event: 108.852 GC heap after
{Heap after GC invocations=39 (full 0):
 garbage-first heap   total 143360K, used 95289K [0x0000000080000000, 0x0000000100000000)
  region size 1024K, 4 young (4096K), 4 survivors (4096K)
 Metaspace       used 93279K, committed 95488K, reserved 557056K
  class space    used 12727K, committed 13824K, reserved 425984K
}
Event: 112.341 GC heap before
{Heap before GC invocations=40 (full 0):
 garbage-first heap   total 160768K, used 129081K [0x0000000080000000, 0x0000000100000000)
  region size 1024K, 37 young (37888K), 4 survivors (4096K)
 Metaspace       used 95634K, committed 97856K, reserved 557056K
  class space    used 13170K, committed 14272K, reserved 425984K
}
Event: 112.351 GC heap after
{Heap after GC invocations=41 (full 0):
 garbage-first heap   total 160768K, used 99896K [0x0000000080000000, 0x0000000100000000)
  region size 1024K, 5 young (5120K), 5 survivors (5120K)
 Metaspace       used 95634K, committed 97856K, reserved 557056K
  class space    used 13170K, committed 14272K, reserved 425984K
}
Event: 118.068 GC heap before
{Heap before GC invocations=41 (full 0):
 garbage-first heap   total 160768K, used 144952K [0x0000000080000000, 0x0000000100000000)
  region size 1024K, 50 young (51200K), 5 survivors (5120K)
 Metaspace       used 97137K, committed 99392K, reserved 557056K
  class space    used 13342K, committed 14464K, reserved 425984K
}
Event: 118.095 GC heap after
{Heap after GC invocations=42 (full 0):
 garbage-first heap   total 160768K, used 103366K [0x0000000080000000, 0x0000000100000000)
  region size 1024K, 6 young (6144K), 6 survivors (6144K)
 Metaspace       used 97137K, committed 99392K, reserved 557056K
  class space    used 13342K, committed 14464K, reserved 425984K
}
Event: 124.696 GC heap before
{Heap before GC invocations=42 (full 0):
 garbage-first heap   total 160768K, used 144326K [0x0000000080000000, 0x0000000100000000)
  region size 1024K, 46 young (47104K), 6 survivors (6144K)
 Metaspace       used 97962K, committed 100224K, reserved 557056K
  class space    used 13422K, committed 14528K, reserved 425984K
}
Event: 124.708 GC heap after
{Heap after GC invocations=43 (full 0):
 garbage-first heap   total 160768K, used 106257K [0x0000000080000000, 0x0000000100000000)
  region size 1024K, 3 young (3072K), 3 survivors (3072K)
 Metaspace       used 97962K, committed 100224K, reserved 557056K
  class space    used 13422K, committed 14528K, reserved 425984K
}

